# JRE version: Java(TM) SE Runtime Environment (17.0.2+8) (build 17.0.2+8-LTS-86)
# Java VM: Java HotSpot(TM) 64-Bit Server VM (17.0.2+8-LTS-86, mixed mode, sharing, tiered, compressed oops, compressed class ptrs, g1 gc, windows-amd64)
GC Precious Log:
 CPUs: 4 total, 4 available
 Memory: 8087M
 Large Page Support: Disabled
 NUMA Support: Disabled
 Compressed Oops: Enabled (32-bit)
 Heap Region Size: 1M
 Heap Min Capacity: 8M
 Heap Initial Capacity: 128M
 Heap Max Capacity: 2022M
 Pre-touch: Disabled
 Parallel Workers: 4
 Concurrent Workers: 1
 Concurrent Refinement Workers: 4
 Periodic GC: Disabled
Heap:
 garbage-first heap   total 131072K, used 55759K [0x0000000081a00000, 0x0000000100000000)
  region size 1024K, 48 young (49152K), 3 survivors (3072K)
 Metaspace       used 15495K, committed 15744K, reserved 1064960K
  class space    used 1693K, committed 1792K, reserved 1048576K
GC Heap History (10 events):
Event: 1.055 GC heap before
{Heap before GC invocations=0 (full 0):
 garbage-first heap   total 131072K, used 12288K [0x0000000081a00000, 0x0000000100000000)
  region size 1024K, 13 young (13312K), 0 survivors (0K)
 Metaspace       used 7432K, committed 7616K, reserved 1056768K
  class space    used 806K, committed 896K, reserved 1048576K
}
Event: 1.062 GC heap after
{Heap after GC invocations=1 (full 0):
 garbage-first heap   total 131072K, used 4397K [0x0000000081a00000, 0x0000000100000000)
  region size 1024K, 2 young (2048K), 2 survivors (2048K)
 Metaspace       used 7432K, committed 7616K, reserved 1056768K
  class space    used 806K, committed 896K, reserved 1048576K
}
Event: 1.408 GC heap before
{Heap before GC invocations=1 (full 0):
 garbage-first heap   total 131072K, used 10541K [0x0000000081a00000, 0x0000000100000000)
  region size 1024K, 8 young (8192K), 2 survivors (2048K)
 Metaspace       used 9922K, committed 10112K, reserved 1064960K
  class space    used 1138K, committed 1216K, reserved 1048576K
}
Event: 1.412 GC heap after
{Heap after GC invocations=2 (full 0):
 garbage-first heap   total 131072K, used 5412K [0x0000000081a00000, 0x0000000100000000)
  region size 1024K, 1 young (1024K), 1 survivors (1024K)
 Metaspace       used 9922K, committed 10112K, reserved 1064960K
  class space    used 1138K, committed 1216K, reserved 1048576K
}
Event: 14.834 GC heap before
{Heap before GC invocations=2 (full 0):
 garbage-first heap   total 131072K, used 26916K [0x0000000081a00000, 0x0000000100000000)
  region size 1024K, 22 young (22528K), 1 survivors (1024K)
 Metaspace       used 14911K, committed 15168K, reserved 1064960K
  class space    used 1690K, committed 1792K, reserved 1048576K
}
Event: 14.838 GC heap after
{Heap after GC invocations=3 (full 0):
 garbage-first heap   total 131072K, used 10703K [0x0000000081a00000, 0x0000000100000000)
  region size 1024K, 3 young (3072K), 3 survivors (3072K)
 Metaspace       used 14911K, committed 15168K, reserved 1064960K
  class space    used 1690K, committed 1792K, reserved 1048576K
}
Event: 28.202 GC heap before
{Heap before GC invocations=3 (full 0):
 garbage-first heap   total 131072K, used 85455K [0x0000000081a00000, 0x0000000100000000)
  region size 1024K, 76 young (77824K), 3 survivors (3072K)
 Metaspace       used 15479K, committed 15744K, reserved 1064960K
  class space    used 1692K, committed 1792K, reserved 1048576K
}
Event: 28.204 GC heap after
{Heap after GC invocations=4 (full 0):
 garbage-first heap   total 131072K, used 10575K [0x0000000081a00000, 0x0000000100000000)
  region size 1024K, 3 young (3072K), 3 survivors (3072K)
 Metaspace       used 15479K, committed 15744K, reserved 1064960K
  class space    used 1692K, committed 1792K, reserved 1048576K
}
Event: 35.637 GC heap before
{Heap before GC invocations=4 (full 0):
 garbage-first heap   total 131072K, used 85327K [0x0000000081a00000, 0x0000000100000000)
  region size 1024K, 76 young (77824K), 3 survivors (3072K)
 Metaspace       used 15486K, committed 15744K, reserved 1064960K
  class space    used 1692K, committed 1792K, reserved 1048576K
}
Event: 35.639 GC heap after
{Heap after GC invocations=5 (full 0):
 garbage-first heap   total 131072K, used 10703K [0x0000000081a00000, 0x0000000100000000)
  region size 1024K, 3 young (3072K), 3 survivors (3072K)
 Metaspace       used 15486K, committed 15744K, reserved 1064960K
  class space    used 1692K, committed 1792K, reserved 1048576K
}

